
*** Running vivado
    with args -log ctpreadout.vds -m64 -product Vivado -mode batch -messageDb vivado.pb -notrace -source ctpreadout.tcl


****** Vivado v2018.3 (64-bit)
  **** SW Build 2405991 on Thu Dec  6 23:38:27 MST 2018
  **** IP Build 2404404 on Fri Dec  7 01:43:56 MST 2018
    ** Copyright 1986-2018 Xilinx, Inc. All Rights Reserved.

source ctpreadout.tcl -notrace
Command: synth_design -top ctpreadout -part xcku060-ffva1156-2-e
Starting synth_design
Attempting to get a license for feature 'Synthesis' and/or device 'xcku060'
INFO: [Common 17-349] Got license for feature 'Synthesis' and/or device 'xcku060'
INFO: [Common 17-1540] The version limit for your license is '2020.04' and has expired for new software. A version limit expiration means that, although you may be able to continue to use the current version of tools or IP with this license, you will not be eligible for any updates or new releases.
INFO: Launching helper process for spawning children vivado processes
INFO: Helper process launched with PID 5188 
---------------------------------------------------------------------------------
Starting RTL Elaboration : Time (s): cpu = 00:00:03 ; elapsed = 00:00:02 . Memory (MB): peak = 472.223 ; gain = 98.332
---------------------------------------------------------------------------------
ERROR: [Synth 8-4169] error in use clause: package 'gbt_bank_package' not found in library 'work' [C:/Users/Simone Ragoni/alice/CTPv15/ctp3-fw-ctpreadout-simulations/project_1.srcs/sources_1/imports/CTPv15/common_logic/RTL/ctpreadout.vhd:32]
ERROR: [Synth 8-4169] error in use clause: package 'vendor_specific_gbt_bank_package' not found in library 'work' [C:/Users/Simone Ragoni/alice/CTPv15/ctp3-fw-ctpreadout-simulations/project_1.srcs/sources_1/imports/CTPv15/common_logic/RTL/ctpreadout.vhd:33]
ERROR: [Synth 8-4169] error in use clause: package 'gbt_exampledesign_package' not found in library 'work' [C:/Users/Simone Ragoni/alice/CTPv15/ctp3-fw-ctpreadout-simulations/project_1.srcs/sources_1/imports/CTPv15/common_logic/RTL/ctpreadout.vhd:34]
ERROR: [Synth 8-1031] gbt_reg84_a is not declared [C:/Users/Simone Ragoni/alice/CTPv15/ctp3-fw-ctpreadout-simulations/project_1.srcs/sources_1/imports/CTPv15/common_logic/RTL/ctpreadout.vhd:53]
INFO: [Synth 8-2810] unit ctpreadout ignored due to previous errors [C:/Users/Simone Ragoni/alice/CTPv15/ctp3-fw-ctpreadout-simulations/project_1.srcs/sources_1/imports/CTPv15/common_logic/RTL/ctpreadout.vhd:37]
---------------------------------------------------------------------------------
Finished RTL Elaboration : Time (s): cpu = 00:00:03 ; elapsed = 00:00:03 . Memory (MB): peak = 526.473 ; gain = 152.582
---------------------------------------------------------------------------------
RTL Elaboration failed
INFO: [Common 17-83] Releasing license: Synthesis
4 Infos, 0 Warnings, 0 Critical Warnings and 5 Errors encountered.
synth_design failed
ERROR: [Common 17-69] Command failed: Synthesis failed - please see the console or run log file for details
INFO: [Common 17-206] Exiting Vivado at Fri Jun 24 13:53:01 2022...
